  sample.cpp
d:\aditya\documents\github\graphics-projects\air-racing\sample.cpp(303): warning C4244: 'argument': conversion from 'time_t' to 'unsigned int', possible loss of data
d:\aditya\documents\github\graphics-projects\air-racing\sample.cpp(494): warning C4305: 'argument': truncation from 'double' to 'float'
d:\aditya\documents\github\graphics-projects\air-racing\sample.cpp(499): warning C4305: 'argument': truncation from 'double' to 'float'
d:\aditya\documents\github\graphics-projects\air-racing\sample.cpp(507): warning C4305: 'argument': truncation from 'double' to 'GLfloat'
d:\aditya\documents\github\graphics-projects\air-racing\sample.cpp(509): warning C4305: 'argument': truncation from 'double' to 'float'
d:\aditya\documents\github\graphics-projects\air-racing\sample.cpp(517): warning C4305: 'argument': truncation from 'double' to 'GLfloat'
d:\aditya\documents\github\graphics-projects\air-racing\sample.cpp(993): warning C4244: 'argument': conversion from 'double' to 'int', possible loss of data
d:\aditya\documents\github\graphics-projects\air-racing\sample.cpp(994): warning C4244: 'argument': conversion from 'double' to 'int', possible loss of data
d:\aditya\documents\github\graphics-projects\air-racing\sample.cpp(1017): warning C4305: 'argument': truncation from 'double' to 'GLfloat'
d:\aditya\documents\github\graphics-projects\air-racing\sample.cpp(1034): warning C4305: 'argument': truncation from 'double' to 'float'
d:\aditya\documents\github\graphics-projects\air-racing\sample.cpp(1035): warning C4305: 'argument': truncation from 'double' to 'float'
d:\aditya\documents\github\graphics-projects\air-racing\sample.cpp(1036): warning C4305: 'argument': truncation from 'double' to 'float'
d:\aditya\documents\github\graphics-projects\air-racing\sample.cpp(1037): warning C4305: 'argument': truncation from 'double' to 'float'
d:\aditya\documents\github\graphics-projects\air-racing\sample.cpp(1116): warning C4305: '+=': truncation from 'double' to 'float'
d:\aditya\documents\github\graphics-projects\air-racing\sample.cpp(1120): warning C4305: '-=': truncation from 'double' to 'float'
d:\aditya\documents\github\graphics-projects\air-racing\sample.cpp(1124): warning C4305: '+=': truncation from 'double' to 'float'
d:\aditya\documents\github\graphics-projects\air-racing\sample.cpp(1128): warning C4305: '-=': truncation from 'double' to 'float'
d:\aditya\documents\github\graphics-projects\air-racing\sample.cpp(1674): warning C4305: '=': truncation from 'double' to 'float'
loadobjfile.obj : warning LNK4075: ignoring '/EDITANDCONTINUE' due to '/INCREMENTAL:NO' specification
  Sample.vcxproj -> D:\Aditya\Documents\GitHub\Graphics-Projects\Air-Racing\.\Debug\Sample.exe
  Sample.vcxproj -> .\Debug/Sample.pdb (Full PDB)
